<?xml version="1.0" encoding="UTF-8"?>
<!-- Generated by org.testng.reporters.JUnitReportReporter -->
<testsuite skipped="0" hostname="TML-MacBook-Pro.local" name="testCases.LoginTest" tests="1" failures="0" timestamp="31 May 2019 08:51:24 GMT" time="0.005" errors="0">
  <testcase name="test" time="0.005" classname="testCases.LoginTest"/>
</testsuite> <!-- testCases.LoginTest -->
